#
# There is insufficient memory for the Java Runtime Environment to continue.
# Native memory allocation (malloc) failed to allocate 679056 bytes for Chunk::new
# Possible reasons:
#   The system is out of physical RAM or swap space
#   In 32 bit mode, the process size limit was hit
# Possible solutions:
#   Reduce memory load on the system
#   Increase physical memory or swap space
#   Check if swap backing store is full
#   Use 64 bit Java on a 64 bit OS
#   Decrease Java heap size (-Xmx/-Xms)
#   Decrease number of Java threads
#   Decrease Java thread stack sizes (-Xss)
#   Set larger code cache with -XX:ReservedCodeCacheSize=
# This output file may be truncated or incomplete.
#
#  Out of Memory Error (allocation.cpp:390), pid=23536, tid=0x000000000000544c
#
# JRE version: OpenJDK Runtime Environment (8.0_152-b02) (build 1.8.0_152-release-1024-b02)
# Java VM: OpenJDK 64-Bit Server VM (25.152-b02 mixed mode windows-amd64 compressed oops)
# Failed to write core dump. Minidumps are not enabled by default on client versions of Windows
#

---------------  T H R E A D  ---------------

Current thread (0x000000001654a800):  JavaThread "C2 CompilerThread0" daemon [_thread_in_native, id=21580, stack(0x0000000017b90000,0x0000000017c90000)]

Stack: [0x0000000017b90000,0x0000000017c90000]
[error occurred during error reporting (printing stack bounds), id 0xc0000005]

Native frames: (J=compiled Java code, j=interpreted, Vv=VM code, C=native code)


Current CompileTask:
C2:  33114 7512 %     4       com.sun.tools.javac.file.ZipFileIndex$ZipDirectory::readEntry @ 102 (587 bytes)


---------------  P R O C E S S  ---------------

Java Threads: ( => current thread )
  0x000000001bcb7800 JavaThread "Cache worker for Java compile cache (C:\Users\Clint\Desktop\CrimeView\.gradle\4.4\javaCompile)" [_thread_blocked, id=17784, stack(0x00000000243f0000,0x00000000244f0000)]
  0x000000001f06c000 JavaThread "Task worker for ':' Thread 3" [_thread_blocked, id=17640, stack(0x00000000231f0000,0x00000000232f0000)]
  0x000000001f062800 JavaThread "Task worker for ':' Thread 2" [_thread_blocked, id=12524, stack(0x0000000021e60000,0x0000000021f60000)]
  0x000000001f067000 JavaThread "Task worker for ':'" [_thread_in_native, id=13400, stack(0x0000000021d60000,0x0000000021e60000)]
  0x000000001f066000 JavaThread "Cache worker for Build Output Cleanup Cache (C:\Users\Clint\Desktop\CrimeView\.gradle\buildOutputCleanup)" [_thread_blocked, id=22416, stack(0x0000000021c60000,0x0000000021d60000)]
  0x000000001f068800 JavaThread "Cache worker for task history cache (C:\Users\Clint\Desktop\CrimeView\.gradle\4.4\taskHistory)" [_thread_blocked, id=23744, stack(0x0000000021b60000,0x0000000021c60000)]
  0x000000001f063000 JavaThread "Cache worker for file content cache (C:\Users\Clint\Desktop\CrimeView\.gradle\4.4\fileContent)" [_thread_blocked, id=3132, stack(0x0000000021650000,0x0000000021750000)]
  0x000000001f065800 JavaThread "Memory manager" [_thread_blocked, id=20724, stack(0x0000000020ae0000,0x0000000020be0000)]
  0x000000001f064800 JavaThread "pool-1-thread-1" [_thread_blocked, id=23512, stack(0x0000000020730000,0x0000000020830000)]
  0x0000000019c23800 JavaThread "build operations Thread 4" [_thread_blocked, id=20016, stack(0x0000000020320000,0x0000000020420000)]
  0x0000000019c20800 JavaThread "build operations Thread 3" [_thread_blocked, id=21144, stack(0x0000000020220000,0x0000000020320000)]
  0x0000000019c1f000 JavaThread "build operations Thread 2" [_thread_blocked, id=3836, stack(0x000000001fcb0000,0x000000001fdb0000)]
  0x0000000019c22800 JavaThread "build operations" [_thread_blocked, id=11888, stack(0x000000001fbb0000,0x000000001fcb0000)]
  0x0000000019c22000 JavaThread "Cache worker for Artifact transforms cache (C:\Users\Clint\.gradle\caches\transforms-1)" [_thread_blocked, id=12436, stack(0x000000001f7b0000,0x000000001f8b0000)]
  0x000000001b562800 JavaThread "Cache worker for file hash cache (C:\Users\Clint\Desktop\CrimeView\.gradle\4.4\fileHashes)" [_thread_blocked, id=20792, stack(0x000000001c0b0000,0x000000001c1b0000)]
  0x00000000198e0000 JavaThread "File lock request listener" [_thread_in_native, id=24204, stack(0x000000001afe0000,0x000000001b0e0000)]
  0x000000001941b000 JavaThread "Cache worker for file hash cache (C:\Users\Clint\.gradle\caches\4.4\fileHashes)" [_thread_blocked, id=22280, stack(0x000000001aee0000,0x000000001afe0000)]
  0x0000000019557000 JavaThread "Stdin handler" [_thread_blocked, id=23796, stack(0x000000001abe0000,0x000000001ace0000)]
  0x000000001953d000 JavaThread "Asynchronous log dispatcher for DefaultDaemonConnection: socket connection from /127.0.0.1:63874 to /127.0.0.1:63875" [_thread_blocked, id=17556, stack(0x000000001aae0000,0x000000001abe0000)]
  0x0000000019543000 JavaThread "Daemon worker" [_thread_blocked, id=19404, stack(0x000000001a9e0000,0x000000001aae0000)]
  0x0000000019542800 JavaThread "Cancel handler" [_thread_blocked, id=14024, stack(0x000000001a8e0000,0x000000001a9e0000)]
  0x00000000195cc000 JavaThread "Handler for socket connection from /127.0.0.1:63874 to /127.0.0.1:63875" [_thread_in_native, id=4872, stack(0x000000001a5e0000,0x000000001a6e0000)]
  0x00000000195cb800 JavaThread "Daemon" [_thread_blocked, id=15176, stack(0x000000001a4e0000,0x000000001a5e0000)]
  0x00000000192fe800 JavaThread "Daemon periodic checks" [_thread_blocked, id=8408, stack(0x000000001a3e0000,0x000000001a4e0000)]
  0x000000001939d800 JavaThread "Incoming local TCP Connector on port 63874" [_thread_in_native, id=22448, stack(0x000000001a1a0000,0x000000001a2a0000)]
  0x0000000017eb8800 JavaThread "Service Thread" daemon [_thread_blocked, id=23768, stack(0x0000000018290000,0x0000000018390000)]
  0x000000001654c000 JavaThread "C1 CompilerThread2" daemon [_thread_blocked, id=17584, stack(0x0000000017d90000,0x0000000017e90000)]
  0x0000000016540800 JavaThread "C2 CompilerThread1" daemon [_thread_in_native, id=16716, stack(0x0000000017c90000,0x0000000017d90000)]
=>0x000000001654a800 JavaThread "C2 CompilerThread0" daemon [_thread_in_native, id=21580, stack(0x0000000017b90000,0x0000000017c90000)]
  0x0000000016549800 JavaThread "Attach Listener" daemon [_thread_blocked, id=24216, stack(0x0000000017a90000,0x0000000017b90000)]
  0x0000000016548000 JavaThread "Signal Dispatcher" daemon [_thread_blocked, id=23100, stack(0x0000000017990000,0x0000000017a90000)]
  0x0000000002bca000 JavaThread "Finalizer" daemon [_thread_blocked, id=17860, stack(0x00000000177a0000,0x00000000178a0000)]
  0x0000000002bc4800 JavaThread "Reference Handler" daemon [_thread_blocked, id=1652, stack(0x00000000176a0000,0x00000000177a0000)]
  0x000000000290e000 JavaThread "main" [_thread_blocked, id=23384, stack(0x00000000029d0000,0x0000000002ad0000)]

Other Threads:
  0x0000000016505000 VMThread [stack: 0x00000000175a0000,0x00000000176a0000] [id=18496]
  0x0000000017eb9000 WatcherThread [stack: 0x0000000018390000,0x0000000018490000] [id=24032]

VM state:not at safepoint (normal execution)

VM Mutex/Monitor currently owned by a thread: None

Heap:
 PSYoungGen      total 156672K, used 34497K [0x00000000e0000000, 0x00000000ecc80000, 0x0000000100000000)
  eden space 143872K, 23% used [0x00000000e0000000,0x00000000e21b0540,0x00000000e8c80000)
  from space 12800K, 0% used [0x00000000e8c80000,0x00000000e8c80000,0x00000000e9900000)
  to   space 15360K, 0% used [0x00000000ebd80000,0x00000000ebd80000,0x00000000ecc80000)
 ParOldGen       total 131072K, used 37002K [0x00000000a0000000, 0x00000000a8000000, 0x00000000e0000000)
  object space 131072K, 28% used [0x00000000a0000000,0x00000000a24229c0,0x00000000a8000000)
 Metaspace       used 59587K, capacity 61280K, committed 61528K, reserved 1101824K
  class space    used 8070K, capacity 8477K, committed 8576K, reserved 1048576K

Card table byte_map: [0x0000000011f90000,0x00000000122a0000] byte_map_base: 0x0000000011a90000

Marking Bits: (ParMarkBitMap*) 0x0000000057a84970
 Begin Bits: [0x00000000128a0000, 0x00000000140a0000)
 End Bits:   [0x00000000140a0000, 0x00000000158a0000)

Polling page: 0x0000000000a90000

CodeCache: size=245760Kb used=21697Kb max_used=21710Kb free=224062Kb
 bounds [0x0000000002bd0000, 0x0000000004120000, 0x0000000011bd0000]
 total_blobs=7349 nmethods=6561 adapters=700
 compilation: enabled

Compilation events (10 events):
Event: 32.977 Thread 0x000000001654a800 7512 %     4       com.sun.tools.javac.file.ZipFileIndex$ZipDirectory::readEntry @ 102 (587 bytes)
Event: 33.038 Thread 0x0000000016540800 7513       4       com.sun.tools.javac.file.ZipFileIndex$Entry::compareTo (40 bytes)
Event: 33.040 Thread 0x0000000016540800 nmethod 7513 0x00000000040fb6d0 code [0x00000000040fb820, 0x00000000040fbb38]
Event: 33.069 Thread 0x0000000016540800 7514       4       com.sun.tools.javac.file.ZipFileIndex$Entry::compareTo (9 bytes)
Event: 33.071 Thread 0x0000000016540800 nmethod 7514 0x000000000410cc50 code [0x000000000410cda0, 0x000000000410d0f8]
Event: 33.071 Thread 0x0000000016540800 7515 %     4       java.util.ComparableTimSort::binarySort @ 72 (223 bytes)
Event: 33.079 Thread 0x0000000016540800 nmethod 7515% 0x0000000004117d50 code [0x0000000004117ec0, 0x00000000041185f8]
Event: 33.079 Thread 0x0000000016540800 7516       4       java.util.ComparableTimSort::binarySort (223 bytes)
Event: 33.087 Thread 0x0000000016540800 nmethod 7516 0x00000000041170d0 code [0x0000000004117240, 0x0000000004117898]
Event: 33.094 Thread 0x0000000016540800 7517       4       java.util.ComparableTimSort::binarySort (223 bytes)

GC Heap History (10 events):
Event: 9.249 GC heap before
{Heap before GC invocations=12 (full 2):
 PSYoungGen      total 94720K, used 83456K [0x00000000e0000000, 0x00000000e8a80000, 0x0000000100000000)
  eden space 83456K, 100% used [0x00000000e0000000,0x00000000e5180000,0x00000000e5180000)
  from space 11264K, 0% used [0x00000000e5180000,0x00000000e5180000,0x00000000e5c80000)
  to   space 10752K, 0% used [0x00000000e8000000,0x00000000e8000000,0x00000000e8a80000)
 ParOldGen       total 83456K, used 14463K [0x00000000a0000000, 0x00000000a5180000, 0x00000000e0000000)
  object space 83456K, 17% used [0x00000000a0000000,0x00000000a0e1fce8,0x00000000a5180000)
 Metaspace       used 39810K, capacity 40512K, committed 40792K, reserved 1085440K
  class space    used 5412K, capacity 5650K, committed 5760K, reserved 1048576K
Event: 9.263 GC heap after
Heap after GC invocations=12 (full 2):
 PSYoungGen      total 120320K, used 8705K [0x00000000e0000000, 0x00000000e8900000, 0x0000000100000000)
  eden space 111104K, 0% used [0x00000000e0000000,0x00000000e0000000,0x00000000e6c80000)
  from space 9216K, 94% used [0x00000000e8000000,0x00000000e88804f8,0x00000000e8900000)
  to   space 11264K, 0% used [0x00000000e7300000,0x00000000e7300000,0x00000000e7e00000)
 ParOldGen       total 83456K, used 14471K [0x00000000a0000000, 0x00000000a5180000, 0x00000000e0000000)
  object space 83456K, 17% used [0x00000000a0000000,0x00000000a0e21ce8,0x00000000a5180000)
 Metaspace       used 39810K, capacity 40512K, committed 40792K, reserved 1085440K
  class space    used 5412K, capacity 5650K, committed 5760K, reserved 1048576K
}
Event: 10.995 GC heap before
{Heap before GC invocations=13 (full 2):
 PSYoungGen      total 120320K, used 119809K [0x00000000e0000000, 0x00000000e8900000, 0x0000000100000000)
  eden space 111104K, 100% used [0x00000000e0000000,0x00000000e6c80000,0x00000000e6c80000)
  from space 9216K, 94% used [0x00000000e8000000,0x00000000e88804f8,0x00000000e8900000)
  to   space 11264K, 0% used [0x00000000e7300000,0x00000000e7300000,0x00000000e7e00000)
 ParOldGen       total 83456K, used 14471K [0x00000000a0000000, 0x00000000a5180000, 0x00000000e0000000)
  object space 83456K, 17% used [0x00000000a0000000,0x00000000a0e21ce8,0x00000000a5180000)
 Metaspace       used 46412K, capacity 47456K, committed 47576K, reserved 1089536K
  class space    used 6288K, capacity 6581K, committed 6656K, reserved 1048576K
Event: 11.013 GC heap after
Heap after GC invocations=13 (full 2):
 PSYoungGen      total 129024K, used 9362K [0x00000000e0000000, 0x00000000ea480000, 0x0000000100000000)
  eden space 117760K, 0% used [0x00000000e0000000,0x00000000e0000000,0x00000000e7300000)
  from space 11264K, 83% used [0x00000000e7300000,0x00000000e7c24b28,0x00000000e7e00000)
  to   space 11776K, 0% used [0x00000000e9900000,0x00000000e9900000,0x00000000ea480000)
 ParOldGen       total 83456K, used 19767K [0x00000000a0000000, 0x00000000a5180000, 0x00000000e0000000)
  object space 83456K, 23% used [0x00000000a0000000,0x00000000a134de20,0x00000000a5180000)
 Metaspace       used 46412K, capacity 47456K, committed 47576K, reserved 1089536K
  class space    used 6288K, capacity 6581K, committed 6656K, reserved 1048576K
}
Event: 14.700 GC heap before
{Heap before GC invocations=14 (full 2):
 PSYoungGen      total 129024K, used 127122K [0x00000000e0000000, 0x00000000ea480000, 0x0000000100000000)
  eden space 117760K, 100% used [0x00000000e0000000,0x00000000e7300000,0x00000000e7300000)
  from space 11264K, 83% used [0x00000000e7300000,0x00000000e7c24b28,0x00000000e7e00000)
  to   space 11776K, 0% used [0x00000000e9900000,0x00000000e9900000,0x00000000ea480000)
 ParOldGen       total 83456K, used 19767K [0x00000000a0000000, 0x00000000a5180000, 0x00000000e0000000)
  object space 83456K, 23% used [0x00000000a0000000,0x00000000a134de20,0x00000000a5180000)
 Metaspace       used 53834K, capacity 55500K, committed 55640K, reserved 1097728K
  class space    used 7372K, capacity 7787K, committed 7808K, reserved 1048576K
Event: 14.734 GC heap after
Heap after GC invocations=14 (full 2):
 PSYoungGen      total 155648K, used 11314K [0x00000000e0000000, 0x00000000eac00000, 0x0000000100000000)
  eden space 143872K, 0% used [0x00000000e0000000,0x00000000e0000000,0x00000000e8c80000)
  from space 11776K, 96% used [0x00000000e9900000,0x00000000ea40c808,0x00000000ea480000)
  to   space 12800K, 0% used [0x00000000e8c80000,0x00000000e8c80000,0x00000000e9900000)
 ParOldGen       total 83456K, used 23386K [0x00000000a0000000, 0x00000000a5180000, 0x00000000e0000000)
  object space 83456K, 28% used [0x00000000a0000000,0x00000000a16d68b0,0x00000000a5180000)
 Metaspace       used 53834K, capacity 55500K, committed 55640K, reserved 1097728K
  class space    used 7372K, capacity 7787K, committed 7808K, reserved 1048576K
}
Event: 27.427 GC heap before
{Heap before GC invocations=15 (full 2):
 PSYoungGen      total 155648K, used 104351K [0x00000000e0000000, 0x00000000eac00000, 0x0000000100000000)
  eden space 143872K, 64% used [0x00000000e0000000,0x00000000e5adb570,0x00000000e8c80000)
  from space 11776K, 96% used [0x00000000e9900000,0x00000000ea40c808,0x00000000ea480000)
  to   space 12800K, 0% used [0x00000000e8c80000,0x00000000e8c80000,0x00000000e9900000)
 ParOldGen       total 83456K, used 23386K [0x00000000a0000000, 0x00000000a5180000, 0x00000000e0000000)
  object space 83456K, 28% used [0x00000000a0000000,0x00000000a16d68b0,0x00000000a5180000)
 Metaspace       used 57155K, capacity 58880K, committed 59028K, reserved 1099776K
  class space    used 7788K, capacity 8189K, committed 8192K, reserved 1048576K
Event: 27.454 GC heap after
Heap after GC invocations=15 (full 2):
 PSYoungGen      total 156672K, used 12784K [0x00000000e0000000, 0x00000000ecc80000, 0x0000000100000000)
  eden space 143872K, 0% used [0x00000000e0000000,0x00000000e0000000,0x00000000e8c80000)
  from space 12800K, 99% used [0x00000000e8c80000,0x00000000e98fc040,0x00000000e9900000)
  to   space 15360K, 0% used [0x00000000ebd80000,0x00000000ebd80000,0x00000000ecc80000)
 ParOldGen       total 83456K, used 25905K [0x00000000a0000000, 0x00000000a5180000, 0x00000000e0000000)
  object space 83456K, 31% used [0x00000000a0000000,0x00000000a194c650,0x00000000a5180000)
 Metaspace       used 57155K, capacity 58880K, committed 59028K, reserved 1099776K
  class space    used 7788K, capacity 8189K, committed 8192K, reserved 1048576K
}
Event: 27.454 GC heap before
{Heap before GC invocations=16 (full 3):
 PSYoungGen      total 156672K, used 12784K [0x00000000e0000000, 0x00000000ecc80000, 0x0000000100000000)
  eden space 143872K, 0% used [0x00000000e0000000,0x00000000e0000000,0x00000000e8c80000)
  from space 12800K, 99% used [0x00000000e8c80000,0x00000000e98fc040,0x00000000e9900000)
  to   space 15360K, 0% used [0x00000000ebd80000,0x00000000ebd80000,0x00000000ecc80000)
 ParOldGen       total 83456K, used 25905K [0x00000000a0000000, 0x00000000a5180000, 0x00000000e0000000)
  object space 83456K, 31% used [0x00000000a0000000,0x00000000a194c650,0x00000000a5180000)
 Metaspace       used 57155K, capacity 58880K, committed 59028K, reserved 1099776K
  class space    used 7788K, capacity 8189K, committed 8192K, reserved 1048576K
Event: 27.832 GC heap after
Heap after GC invocations=16 (full 3):
 PSYoungGen      total 156672K, used 0K [0x00000000e0000000, 0x00000000ecc80000, 0x0000000100000000)
  eden space 143872K, 0% used [0x00000000e0000000,0x00000000e0000000,0x00000000e8c80000)
  from space 12800K, 0% used [0x00000000e8c80000,0x00000000e8c80000,0x00000000e9900000)
  to   space 15360K, 0% used [0x00000000ebd80000,0x00000000ebd80000,0x00000000ecc80000)
 ParOldGen       total 131072K, used 37002K [0x00000000a0000000, 0x00000000a8000000, 0x00000000e0000000)
  object space 131072K, 28% used [0x00000000a0000000,0x00000000a24229c0,0x00000000a8000000)
 Metaspace       used 57155K, capacity 58880K, committed 59028K, reserved 1099776K
  class space    used 7788K, capacity 8189K, committed 8192K, reserved 1048576K
}

Deoptimization events (10 events):
Event: 32.439 Thread 0x000000001f067000 Uncommon trap: reason=unstable_if action=reinterpret pc=0x00000000040a27d8 method=com.sun.tools.javac.util.Position$LineMapImpl.build([CI)V @ 42
Event: 32.439 Thread 0x000000001f067000 Uncommon trap: reason=unstable_if action=reinterpret pc=0x00000000040a4954 method=com.sun.tools.javac.util.Position$LineMapImpl.build([CI)V @ 42
Event: 32.608 Thread 0x000000001f067000 Uncommon trap: reason=unstable_if action=reinterpret pc=0x00000000040ff5f8 method=com.sun.tools.javac.file.ZipFileIndex$Entry.compareTo(Lcom/sun/tools/javac/file/ZipFileIndex$Entry;)I @ 23
Event: 32.608 Thread 0x000000001f067000 Uncommon trap: reason=unstable_if action=reinterpret pc=0x00000000040f4064 method=com.sun.tools.javac.file.ZipFileIndex$Entry.compareTo(Lcom/sun/tools/javac/file/ZipFileIndex$Entry;)I @ 23
Event: 32.965 Thread 0x000000001f067000 Uncommon trap: reason=unstable_if action=reinterpret pc=0x0000000004102ff0 method=com.sun.tools.javac.file.ZipFileIndex$ZipDirectory.readEntry(ILjava/util/List;Ljava/util/Map;)I @ 190
Event: 32.965 Thread 0x000000001f067000 Uncommon trap: reason=predicate action=maybe_recompile pc=0x000000000410f3cc method=java.util.ComparableTimSort.binarySort([Ljava/lang/Object;III)V @ 37
Event: 33.087 Thread 0x000000001f067000 Uncommon trap: reason=array_check action=maybe_recompile pc=0x0000000004118334 method=java.util.ComparableTimSort.binarySort([Ljava/lang/Object;III)V @ 215
Event: 33.088 Thread 0x000000001f067000 Uncommon trap: reason=array_check action=maybe_recompile pc=0x00000000041176d8 method=java.util.ComparableTimSort.binarySort([Ljava/lang/Object;III)V @ 193
Event: 33.088 Thread 0x000000001f067000 Uncommon trap: reason=array_check action=maybe_recompile pc=0x00000000041176d8 method=java.util.ComparableTimSort.binarySort([Ljava/lang/Object;III)V @ 193
Event: 33.088 Thread 0x000000001f067000 Uncommon trap: reason=array_check action=maybe_recompile pc=0x0000000004117614 method=java.util.ComparableTimSort.binarySort([Ljava/lang/Object;III)V @ 215

Classes redefined (0 events):
No events

Internal exceptions (10 events):
Event: 13.604 Thread 0x0000000019543000 Exception <a 'java/lang/NoSuchMethodError': <clinit>> (0x00000000e6034108) thrown at [D:\src\AOSP-openjdk-cygwin\jdk8u\hotspot\src\share\vm\prims\jni.cpp, line 1613]
Event: 13.605 Thread 0x0000000019543000 Exception <a 'java/lang/NoSuchMethodError': <clinit>> (0x00000000e6042cb8) thrown at [D:\src\AOSP-openjdk-cygwin\jdk8u\hotspot\src\share\vm\prims\jni.cpp, line 1613]
Event: 14.057 Thread 0x0000000019543000 Exception <a 'java/lang/NoSuchMethodError': <clinit>> (0x00000000e6390840) thrown at [D:\src\AOSP-openjdk-cygwin\jdk8u\hotspot\src\share\vm\prims\jni.cpp, line 1613]
Event: 14.070 Thread 0x0000000019543000 Exception <a 'java/lang/NoSuchMethodError': <clinit>> (0x00000000e63ac540) thrown at [D:\src\AOSP-openjdk-cygwin\jdk8u\hotspot\src\share\vm\prims\jni.cpp, line 1613]
Event: 14.077 Thread 0x0000000019543000 Exception <a 'java/lang/NoSuchMethodError': <clinit>> (0x00000000e63ae3a8) thrown at [D:\src\AOSP-openjdk-cygwin\jdk8u\hotspot\src\share\vm\prims\jni.cpp, line 1613]
Event: 14.287 Thread 0x000000001f06c000 Implicit null exception at 0x0000000003178b22 to 0x0000000003179061
Event: 15.702 Thread 0x000000001f067000 Exception <a 'java/lang/NoSuchMethodError': <clinit>> (0x00000000e0e8d080) thrown at [D:\src\AOSP-openjdk-cygwin\jdk8u\hotspot\src\share\vm\prims\jni.cpp, line 1613]
Event: 15.704 Thread 0x000000001f067000 Exception <a 'java/lang/NoSuchMethodError': <clinit>> (0x00000000e15840a8) thrown at [D:\src\AOSP-openjdk-cygwin\jdk8u\hotspot\src\share\vm\prims\jni.cpp, line 1613]
Event: 18.496 Thread 0x000000001f067800 Exception <a 'java/lang/NoSuchMethodError': java.lang.Object.lambda$negate$1(Ljava/lang/Object;)Z> (0x00000000e2f91f78) thrown at [D:\src\AOSP-openjdk-cygwin\jdk8u\hotspot\src\share\vm\interpreter\linkResolver.cpp, line 584]
Event: 19.448 Thread 0x000000001f067000 Exception <a 'java/lang/NoSuchMethodError': java.lang.Object.lambda$comparingInt$7b0bb60$1(Ljava/util/function/ToIntFunction;Ljava/lang/Object;Ljava/lang/Object;)I> (0x00000000e32ecb00) thrown at [D:\src\AOSP-openjdk-cygwin\jdk8u\hotspot\src\share\vm\inte

Events (10 events):
Event: 33.087 Thread 0x000000001f067000 DEOPT UNPACKING pc=0x0000000002c1557b sp=0x0000000021e5bdb8 mode 2
Event: 33.088 Thread 0x000000001f067000 Uncommon trap: trap_request=0xffffffd6 fr.pc=0x00000000041176d8
Event: 33.088 Thread 0x000000001f067000 DEOPT PACKING pc=0x00000000041176d8 sp=0x0000000021e5be10
Event: 33.088 Thread 0x000000001f067000 DEOPT UNPACKING pc=0x0000000002c1557b sp=0x0000000021e5bdb8 mode 2
Event: 33.088 Thread 0x000000001f067000 Uncommon trap: trap_request=0xffffffd6 fr.pc=0x00000000041176d8
Event: 33.088 Thread 0x000000001f067000 DEOPT PACKING pc=0x00000000041176d8 sp=0x0000000021e5be10
Event: 33.088 Thread 0x000000001f067000 DEOPT UNPACKING pc=0x0000000002c1557b sp=0x0000000021e5bdb8 mode 2
Event: 33.088 Thread 0x000000001f067000 Uncommon trap: trap_request=0xffffffd6 fr.pc=0x0000000004117614
Event: 33.088 Thread 0x000000001f067000 DEOPT PACKING pc=0x0000000004117614 sp=0x0000000021e5be10
Event: 33.088 Thread 0x000000001f067000 DEOPT UNPACKING pc=0x0000000002c1557b sp=0x0000000021e5bdb8 mode 2


Dynamic libraries:
0x00007ff7fb0c0000 - 0x00007ff7fb0f1000 	C:\Program Files\Android\Android Studio\jre\bin\java.exe
0x00007ffcb50f0000 - 0x00007ffcb52d1000 	C:\WINDOWS\SYSTEM32\ntdll.dll
0x00007ffcb49c0000 - 0x00007ffcb4a72000 	C:\WINDOWS\System32\KERNEL32.DLL
0x00007ffcb1610000 - 0x00007ffcb1883000 	C:\WINDOWS\System32\KERNELBASE.dll
0x00007ffcb28b0000 - 0x00007ffcb2951000 	C:\WINDOWS\System32\ADVAPI32.dll
0x00007ffcb3e80000 - 0x00007ffcb3f1e000 	C:\WINDOWS\System32\msvcrt.dll
0x00007ffcb44d0000 - 0x00007ffcb452b000 	C:\WINDOWS\System32\sechost.dll
0x00007ffcb47e0000 - 0x00007ffcb4904000 	C:\WINDOWS\System32\RPCRT4.dll
0x00007ffcb4d90000 - 0x00007ffcb4f20000 	C:\WINDOWS\System32\USER32.dll
0x00007ffcb1b60000 - 0x00007ffcb1b80000 	C:\WINDOWS\System32\win32u.dll
0x00007ffcb4910000 - 0x00007ffcb4938000 	C:\WINDOWS\System32\GDI32.dll
0x00007ffcb1890000 - 0x00007ffcb1a22000 	C:\WINDOWS\System32\gdi32full.dll
0x00007ffcb1520000 - 0x00007ffcb15bf000 	C:\WINDOWS\System32\msvcp_win.dll
0x00007ffcb1b80000 - 0x00007ffcb1c7a000 	C:\WINDOWS\System32\ucrtbase.dll
0x00007ffca8900000 - 0x00007ffca8b69000 	C:\WINDOWS\WinSxS\amd64_microsoft.windows.common-controls_6595b64144ccf1df_6.0.17134.285_none_fb4297e330656775\COMCTL32.dll
0x00007ffcb2580000 - 0x00007ffcb28a3000 	C:\WINDOWS\System32\combase.dll
0x00007ffcb1ae0000 - 0x00007ffcb1b5a000 	C:\WINDOWS\System32\bcryptPrimitives.dll
0x00007ffcb4530000 - 0x00007ffcb455d000 	C:\WINDOWS\System32\IMM32.DLL
0x0000000058610000 - 0x00000000586e2000 	C:\Program Files\Android\Android Studio\jre\jre\bin\msvcr100.dll
0x00000000572c0000 - 0x0000000057aff000 	C:\Program Files\Android\Android Studio\jre\jre\bin\server\jvm.dll
0x00007ffcb3e70000 - 0x00007ffcb3e78000 	C:\WINDOWS\System32\PSAPI.DLL
0x00007ffcad200000 - 0x00007ffcad20a000 	C:\WINDOWS\SYSTEM32\VERSION.dll
0x00007ffc9ef30000 - 0x00007ffc9ef39000 	C:\WINDOWS\SYSTEM32\WSOCK32.dll
0x00007ffcacaf0000 - 0x00007ffcacb13000 	C:\WINDOWS\SYSTEM32\WINMM.dll
0x00007ffcb45c0000 - 0x00007ffcb462c000 	C:\WINDOWS\System32\WS2_32.dll
0x00007ffcabe10000 - 0x00007ffcabe3a000 	C:\WINDOWS\SYSTEM32\winmmbase.dll
0x00007ffcb15c0000 - 0x00007ffcb1609000 	C:\WINDOWS\System32\cfgmgr32.dll
0x00007ffcad350000 - 0x00007ffcad35f000 	C:\Program Files\Android\Android Studio\jre\jre\bin\verify.dll
0x00007ffc903b0000 - 0x00007ffc903d9000 	C:\Program Files\Android\Android Studio\jre\jre\bin\java.dll
0x00007ffc90300000 - 0x00007ffc90316000 	C:\Program Files\Android\Android Studio\jre\jre\bin\zip.dll
0x00007ffcb29c0000 - 0x00007ffcb3e00000 	C:\WINDOWS\System32\SHELL32.dll
0x00007ffcb5010000 - 0x00007ffcb50b9000 	C:\WINDOWS\System32\shcore.dll
0x00007ffcb1e70000 - 0x00007ffcb257d000 	C:\WINDOWS\System32\windows.storage.dll
0x00007ffcb2960000 - 0x00007ffcb29b1000 	C:\WINDOWS\System32\shlwapi.dll
0x00007ffcb1490000 - 0x00007ffcb14a1000 	C:\WINDOWS\System32\kernel.appcore.dll
0x00007ffcb1470000 - 0x00007ffcb148f000 	C:\WINDOWS\System32\profapi.dll
0x00007ffcb1420000 - 0x00007ffcb146c000 	C:\WINDOWS\System32\powrprof.dll
0x00007ffcb14b0000 - 0x00007ffcb14ba000 	C:\WINDOWS\System32\FLTLIB.DLL
0x00007ffc902e0000 - 0x00007ffc902fa000 	C:\Program Files\Android\Android Studio\jre\jre\bin\net.dll
0x00007ffcb0c20000 - 0x00007ffcb0c86000 	C:\WINDOWS\system32\mswsock.dll
0x00007ffc901e0000 - 0x00007ffc901f1000 	C:\Program Files\Android\Android Studio\jre\jre\bin\nio.dll
0x00007ffc914b0000 - 0x00007ffc914ce000 	C:\Users\Clint\.gradle\native\25\windows-amd64\native-platform.dll
0x00007ffca49d0000 - 0x00007ffca49dd000 	C:\Program Files\Android\Android Studio\jre\jre\bin\management.dll
0x00007ffcb0dd0000 - 0x00007ffcb0de7000 	C:\WINDOWS\SYSTEM32\CRYPTSP.dll
0x00007ffcb0800000 - 0x00007ffcb0833000 	C:\WINDOWS\system32\rsaenh.dll
0x00007ffcb0f00000 - 0x00007ffcb0f25000 	C:\WINDOWS\SYSTEM32\bcrypt.dll
0x00007ffcb1330000 - 0x00007ffcb1358000 	C:\WINDOWS\SYSTEM32\USERENV.dll
0x00007ffcb0df0000 - 0x00007ffcb0dfb000 	C:\WINDOWS\SYSTEM32\CRYPTBASE.dll
0x00007ffcb09a0000 - 0x00007ffcb09d8000 	C:\WINDOWS\SYSTEM32\IPHLPAPI.DLL
0x00007ffcb3e00000 - 0x00007ffcb3e08000 	C:\WINDOWS\System32\NSI.dll
0x00007ffcac6c0000 - 0x00007ffcac6d6000 	C:\WINDOWS\SYSTEM32\dhcpcsvc6.DLL
0x00007ffca9580000 - 0x00007ffca959a000 	C:\WINDOWS\SYSTEM32\dhcpcsvc.DLL

VM Arguments:
jvm_args: -Xmx1536m -Dfile.encoding=windows-1252 -Duser.country=ZA -Duser.language=en -Duser.variant 
java_command: org.gradle.launcher.daemon.bootstrap.GradleDaemon 4.4
java_class_path (initial): C:\Users\Clint\.gradle\wrapper\dists\gradle-4.4-all\9br9xq1tocpiv8o6njlyu5op1\gradle-4.4\lib\gradle-launcher-4.4.jar
Launcher Type: SUN_STANDARD

Environment Variables:
PATH=C:\Program Files (x86)\Common Files\Oracle\Java\javapath;C:\ProgramData\Oracle\Java\javapath;C:\Program Files (x86)\Intel\iCLS Client\;C:\Program Files\Intel\iCLS Client\;C:\WINDOWS\system32;C:\WINDOWS;C:\WINDOWS\System32\Wbem;C:\WINDOWS\System32\WindowsPowerShell\v1.0\;C:\Program Files (x86)\Intel\Intel(R) Management Engine Components\DAL;C:\Program Files\Intel\Intel(R) Management Engine Components\DAL;C:\Program Files (x86)\Intel\Intel(R) Management Engine Components\IPT;C:\Program Files\Intel\Intel(R) Management Engine Components\IPT;C:\Program Files (x86)\Windows Kits\10\Windows Performance Toolkit\;C:\Program Files\Microsoft SQL Server\130\Tools\Binn\;C:\Program Files\dotnet\;C:\Program Files\Android\Android Studio\jre\bin;C:\WINDOWS\system32\config\systemprofile\.dnx\bin;C:\Program Files\Microsoft DNX\Dnvm\;C:\Program Files\Git\cmd;C:\Program Files\Intel\WiFi\bin\;C:\Program Files\Common Files\Intel\WirelessCommon\;C:\WINDOWS\System32\OpenSSH\;C:\Program Files\Microsoft SQL Server\Client SDK\ODBC\130\Tools\Binn\;C:\Program Files (x86)\Microsoft SQL Server\140\Tools\Binn\;C:\Program Files\Microsoft SQL Server\140\Tools\Binn\;C:\Program Files\Microsoft SQL Server\140\DTS\Binn\;C:\Program Files (x86)\Microsoft SQL Server\Client SDK\ODBC\130\Tools\Binn\;C:\Program Files (x86)\Microsoft SQL Server\140\DTS\Binn\;C:\Program Files (x86)\Microsoft SQL Server\140\Tools\Binn\ManagementStudio\;C:\Users\Clint\AppData\Local\Microsoft\WindowsApps;
USERNAME=Clint
OS=Windows_NT
PROCESSOR_IDENTIFIER=Intel64 Family 6 Model 61 Stepping 4, GenuineIntel



---------------  S Y S T E M  ---------------

OS: Windows 10.0 , 64 bit Build 17134 (10.0.17134.1)

CPU:total 4 (initial active 4) (2 cores per cpu, 2 threads per core) family 6 model 61 stepping 4, cmov, cx8, fxsr, mmx, sse, sse2, sse3, ssse3, sse4.1, sse4.2, popcnt, avx, avx2, aes, clmul, erms, 3dnowpref, lzcnt, ht, tsc, tscinvbit, bmi1, bmi2, adx

Memory: 4k page, physical 8296440k(1032732k free), swap 14440440k(5416k free)

vm_info: OpenJDK 64-Bit Server VM (25.152-b02) for windows-amd64 JRE (1.8.0_152-release-1024-b02), built by "builder" with MS VC++ 10.0 (VS2010)

time: Sun Oct 07 02:28:10 2018
elapsed time: 33 seconds (0d 0h 0m 33s)

